x64\debug\matrixutility.cu.obj
x64\debug\vectorutility.cu.obj
x64\debug\main.cu.obj
c:\users\a\documents\progetti c++\visual studio 2019\socci_cuda\x64\debug\socci_cuda.exe
c:\users\a\documents\progetti c++\visual studio 2019\socci_cuda\x64\debug\socci_cuda.ilk
c:\users\a\documents\progetti c++\visual studio 2019\socci_cuda\x64\debug\socci_cuda.pdb
c:\users\a\documents\progetti c++\visual studio 2019\socci_cuda\x64\debug\socci_cuda.lib
c:\users\a\documents\progetti c++\visual studio 2019\socci_cuda\x64\debug\socci_cuda.exp
c:\users\a\documents\progetti c++\visual studio 2019\socci_cuda\x64\debug\main.cu.cache
c:\users\a\documents\progetti c++\visual studio 2019\socci_cuda\x64\debug\matrixutility.cu.cache
c:\users\a\documents\progetti c++\visual studio 2019\socci_cuda\x64\debug\vectorutility.cu.cache
c:\users\a\documents\progetti c++\visual studio 2019\socci_cuda\x64\debug\main.cu.obj
c:\users\a\documents\progetti c++\visual studio 2019\socci_cuda\x64\debug\matrixutility.cu.obj
c:\users\a\documents\progetti c++\visual studio 2019\socci_cuda\x64\debug\vectorutility.cu.obj
c:\users\a\documents\progetti c++\visual studio 2019\socci_cuda\x64\debug\vc142.pdb
c:\users\a\documents\progetti c++\visual studio 2019\socci_cuda\x64\debug\socci_cuda.tlog\cudacompile.read.1u.tlog
c:\users\a\documents\progetti c++\visual studio 2019\socci_cuda\x64\debug\socci_cuda.tlog\cudacompile.write.1u.tlog
c:\users\a\documents\progetti c++\visual studio 2019\socci_cuda\x64\debug\socci_cuda.tlog\link.command.1.tlog
c:\users\a\documents\progetti c++\visual studio 2019\socci_cuda\x64\debug\socci_cuda.tlog\link.read.1.tlog
c:\users\a\documents\progetti c++\visual studio 2019\socci_cuda\x64\debug\socci_cuda.tlog\link.write.1.tlog
c:\users\a\documents\progetti c++\visual studio 2019\socci_cuda\x64\debug\socci_cuda.tlog\socci_cuda.write.1u.tlog
